time="23-04-2021 12:34:01" level=info msg="Server apievermos is ready to handle requests at st :2021"
time="23-04-2021 12:34:06" level=info msg="HTTP Request Method" method=POST request= url=/api/v1/apievermos/evermos/product/list
time="23-04-2021 12:34:50" level=info msg="Server apievermos is shutting down..."
time="23-04-2021 12:34:50" level=info msg="Server apievermos stopped"
time="23-04-2021 12:34:56" level=info msg="Server apievermos is ready to handle requests at st :2021"
time="23-04-2021 12:35:00" level=info msg="HTTP Request Method" method=POST request= url=/api/v1/apievermos/evermos/product/list
time="23-04-2021 12:42:36" level=info msg="Server apievermos is shutting down..."
time="23-04-2021 12:42:36" level=info msg="Server apievermos stopped"
time="23-04-2021 12:42:46" level=info msg="Server apievermos is ready to handle requests at st :2021"
time="23-04-2021 12:42:50" level=info msg="HTTP Request Method" method=POST request= url=/api/v1/apievermos/evermos/product/list
time="23-04-2021 12:50:23" level=info msg="Server apievermos is shutting down..."
time="23-04-2021 12:50:23" level=info msg="Server apievermos stopped"
time="23-04-2021 12:50:32" level=info msg="Server apievermos is ready to handle requests at st :2021"
time="23-04-2021 12:50:36" level=info msg="HTTP Request Method" method=POST request= url=/api/v1/apievermos/evermos/product/list
time="23-04-2021 12:50:37" level=info msg="HTTP Request Method" method=POST request= url=/api/v1/apievermos/evermos/product/list
time="23-04-2021 13:08:42" level=info msg="Server apievermos is shutting down..."
time="23-04-2021 13:08:42" level=info msg="Server apievermos stopped"
time="23-04-2021 13:08:53" level=info msg="Server apievermos is ready to handle requests at st :2021"
time="23-04-2021 13:08:56" level=info msg="HTTP Request Method" method=POST request= url=/api/v1/apievermos/evermos/product/list
time="23-04-2021 13:10:01" level=info msg="HTTP Request Method" method=POST request= url=/api/v1/apievermos/evermos/merchant/list
time="23-04-2021 13:10:05" level=info msg="HTTP Request Method" method=POST request= url=/api/v1/apievermos/evermos/merchant/list
time="23-04-2021 13:15:02" level=info msg="Server apievermos is shutting down..."
time="23-04-2021 13:15:02" level=info msg="Server apievermos stopped"
time="23-04-2021 13:15:12" level=info msg="Server apievermos is ready to handle requests at st :2021"
time="23-04-2021 13:15:16" level=info msg="HTTP Request Method" method=POST request= url=/api/v1/apievermos/evermos/merchant/list
time="23-04-2021 13:15:19" level=info msg="HTTP Request Method" method=POST request= url=/api/v1/apievermos/evermos/product/list
time="23-04-2021 13:20:40" level=info msg="Server apievermos is shutting down..."
time="23-04-2021 13:20:40" level=info msg="Server apievermos stopped"
time="23-04-2021 13:21:54" level=info msg="Server apievermos is ready to handle requests at st :2021"
time="23-04-2021 13:22:01" level=info msg="HTTP Request Method" method=POST request= url=/api/v1/apievermos/evermos/product/list
time="23-04-2021 13:22:44" level=info msg="Server apievermos is shutting down..."
time="23-04-2021 13:22:44" level=info msg="Server apievermos stopped"
time="23-04-2021 13:22:51" level=info msg="Server apievermos is ready to handle requests at st :2021"
time="23-04-2021 13:22:54" level=info msg="HTTP Request Method" method=POST request= url=/api/v1/apievermos/evermos/product/list
time="23-04-2021 13:25:06" level=info msg="Server apievermos is shutting down..."
time="23-04-2021 13:25:06" level=info msg="Server apievermos stopped"
time="23-04-2021 13:25:14" level=info msg="Server apievermos is ready to handle requests at st :2021"
time="23-04-2021 13:25:17" level=info msg="HTTP Request Method" method=POST request= url=/api/v1/apievermos/evermos/product/list
time="23-04-2021 13:25:54" level=info msg="HTTP Request Method" method=POST request= url=/api/v1/apievermos/evermos/product/list
time="23-04-2021 13:26:01" level=info msg="HTTP Request Method" method=POST request= url=/api/v1/apievermos/evermos/product/list
time="23-04-2021 13:27:41" level=info msg="HTTP Request Method" method=POST request= url=/api/v1/apievermos/evermos/product/list
time="23-04-2021 13:27:44" level=info msg="HTTP Request Method" method=POST request= url=/api/v1/apievermos/evermos/product/list
time="23-04-2021 13:27:45" level=info msg="HTTP Request Method" method=POST request= url=/api/v1/apievermos/evermos/product/list
time="23-04-2021 13:27:47" level=info msg="HTTP Request Method" method=POST request= url=/api/v1/apievermos/evermos/product/list
time="23-04-2021 13:28:17" level=info msg="HTTP Request Method" method=POST request= url=/api/v1/apievermos/evermos/product/list
time="23-04-2021 13:29:23" level=info msg="Server apievermos is shutting down..."
time="23-04-2021 13:29:23" level=info msg="Server apievermos stopped"
time="23-04-2021 13:29:32" level=info msg="Server apievermos is ready to handle requests at st :2021"
time="23-04-2021 13:29:34" level=info msg="HTTP Request Method" method=POST request= url=/api/v1/apievermos/evermos/product/list
time="23-04-2021 13:29:35" level=info msg="HTTP Request Method" method=POST request= url=/api/v1/apievermos/evermos/product/list
time="23-04-2021 13:29:39" level=info msg="HTTP Request Method" method=POST request= url=/api/v1/apievermos/evermos/product/list
time="23-04-2021 13:29:40" level=info msg="HTTP Request Method" method=POST request= url=/api/v1/apievermos/evermos/product/list
time="23-04-2021 13:30:19" level=info msg="HTTP Request Method" method=POST request= url=/api/v1/apievermos/evermos/product/list
time="23-04-2021 13:31:04" level=info msg="Server apievermos is shutting down..."
time="23-04-2021 13:31:04" level=info msg="Server apievermos stopped"
time="23-04-2021 13:31:10" level=info msg="Server apievermos is ready to handle requests at st :2021"
time="23-04-2021 13:31:13" level=info msg="HTTP Request Method" method=POST request= url=/api/v1/apievermos/evermos/product/list
time="23-04-2021 13:31:23" level=info msg="HTTP Request Method" method=POST request= url=/api/v1/apievermos/evermos/product/list
time="23-04-2021 13:31:27" level=info msg="HTTP Request Method" method=POST request= url=/api/v1/apievermos/evermos/product/list
time="23-04-2021 13:32:11" level=info msg="Server apievermos is shutting down..."
time="23-04-2021 13:32:11" level=info msg="Server apievermos stopped"
time="23-04-2021 13:32:17" level=info msg="Server apievermos is ready to handle requests at st :2021"
time="23-04-2021 13:32:19" level=info msg="HTTP Request Method" method=POST request= url=/api/v1/apievermos/evermos/product/list
time="23-04-2021 13:33:48" level=info msg="Server apievermos is shutting down..."
time="23-04-2021 13:33:48" level=info msg="Server apievermos stopped"
time="23-04-2021 13:39:05" level=info msg="Server apievermos is ready to handle requests at st :2021"
time="23-04-2021 13:39:08" level=info msg="Server apievermos is shutting down..."
time="23-04-2021 13:39:08" level=info msg="Server apievermos stopped"
time="23-04-2021 13:39:18" level=info msg="Server apievermos is ready to handle requests at st :2021"
time="23-04-2021 13:39:21" level=info msg="HTTP Request Method" method=POST request= url=/api/v1/apievermos/evermos/product/list
time="23-04-2021 13:40:47" level=info msg="Server apievermos is shutting down..."
time="23-04-2021 13:40:47" level=info msg="Server apievermos stopped"
time="23-04-2021 13:40:56" level=info msg="Server apievermos is ready to handle requests at st :2021"
time="23-04-2021 13:40:59" level=info msg="HTTP Request Method" method=POST request= url=/api/v1/apievermos/evermos/product/list
time="23-04-2021 13:41:02" level=info msg="HTTP Request Method" method=POST request= url=/api/v1/apievermos/evermos/product/list
time="23-04-2021 13:41:05" level=info msg="HTTP Request Method" method=POST request= url=/api/v1/apievermos/evermos/product/list
time="23-04-2021 13:41:06" level=info msg="HTTP Request Method" method=POST request= url=/api/v1/apievermos/evermos/product/list
time="23-04-2021 13:46:55" level=info msg="Server apievermos is shutting down..."
time="23-04-2021 13:46:55" level=info msg="Server apievermos stopped"
time="23-04-2021 13:47:00" level=info msg="Server apievermos is ready to handle requests at st :2021"
time="23-04-2021 13:47:04" level=info msg="HTTP Request Method" method=POST request= url=/api/v1/apievermos/evermos/product/list
time="23-04-2021 13:47:08" level=info msg="HTTP Request Method" method=POST request= url=/api/v1/apievermos/evermos/product/list
time="23-04-2021 13:47:19" level=info msg="HTTP Request Method" method=POST request= url=/api/v1/apievermos/evermos/product/list
time="23-04-2021 13:49:01" level=info msg="Server apievermos is shutting down..."
time="23-04-2021 13:49:01" level=info msg="Server apievermos stopped"
time="23-04-2021 13:49:08" level=info msg="Server apievermos is ready to handle requests at st :2021"
time="23-04-2021 13:49:12" level=info msg="HTTP Request Method" method=POST request= url=/api/v1/apievermos/evermos/product/list
time="23-04-2021 13:49:16" level=info msg="HTTP Request Method" method=POST request= url=/api/v1/apievermos/evermos/product/list
time="23-04-2021 13:49:21" level=info msg="HTTP Request Method" method=POST request= url=/api/v1/apievermos/evermos/product/list
time="23-04-2021 13:49:23" level=info msg="HTTP Request Method" method=POST request= url=/api/v1/apievermos/evermos/product/list
time="23-04-2021 13:49:32" level=info msg="HTTP Request Method" method=POST request= url=/api/v1/apievermos/evermos/product/list
time="23-04-2021 13:49:46" level=info msg="HTTP Request Method" method=POST request= url=/api/v1/apievermos/evermos/product/list
time="23-04-2021 13:50:30" level=info msg="Server apievermos is shutting down..."
time="23-04-2021 13:50:30" level=info msg="Server apievermos stopped"
time="23-04-2021 13:50:36" level=info msg="Server apievermos is ready to handle requests at st :2021"
time="23-04-2021 13:50:40" level=info msg="HTTP Request Method" method=POST request= url=/api/v1/apievermos/evermos/product/list
time="23-04-2021 13:51:24" level=info msg="Server apievermos is shutting down..."
time="23-04-2021 13:51:24" level=info msg="Server apievermos stopped"
time="23-04-2021 13:51:32" level=info msg="Server apievermos is ready to handle requests at st :2021"
time="23-04-2021 13:51:35" level=info msg="HTTP Request Method" method=POST request= url=/api/v1/apievermos/evermos/product/list
time="23-04-2021 13:51:46" level=info msg="HTTP Request Method" method=POST request= url=/api/v1/apievermos/evermos/product/list
time="23-04-2021 13:51:49" level=info msg="HTTP Request Method" method=POST request= url=/api/v1/apievermos/evermos/product/list
time="23-04-2021 13:51:51" level=info msg="HTTP Request Method" method=POST request= url=/api/v1/apievermos/evermos/product/list
time="23-04-2021 13:51:52" level=info msg="HTTP Request Method" method=POST request= url=/api/v1/apievermos/evermos/product/list
time="23-04-2021 13:52:11" level=info msg="Server apievermos is shutting down..."
time="23-04-2021 13:52:11" level=info msg="Server apievermos stopped"
time="23-04-2021 13:52:19" level=info msg="Server apievermos is ready to handle requests at st :2021"
time="23-04-2021 13:52:21" level=info msg="HTTP Request Method" method=POST request= url=/api/v1/apievermos/evermos/product/list
time="23-04-2021 13:52:33" level=info msg="HTTP Request Method" method=POST request= url=/api/v1/apievermos/evermos/product/list
time="23-04-2021 13:52:38" level=info msg="HTTP Request Method" method=POST request= url=/api/v1/apievermos/evermos/product/list
time="23-04-2021 13:53:18" level=info msg="Server apievermos is shutting down..."
time="23-04-2021 13:53:18" level=info msg="Server apievermos stopped"
time="23-04-2021 13:53:33" level=info msg="Server apievermos is ready to handle requests at st :2021"
time="23-04-2021 13:53:39" level=info msg="HTTP Request Method" method=POST request= url=/api/v1/apievermos/evermos/product/list
time="23-04-2021 13:53:49" level=info msg="HTTP Request Method" method=POST request= url=/api/v1/apievermos/evermos/product/list
time="23-04-2021 13:53:51" level=info msg="HTTP Request Method" method=POST request= url=/api/v1/apievermos/evermos/product/list
time="23-04-2021 13:53:53" level=info msg="HTTP Request Method" method=POST request= url=/api/v1/apievermos/evermos/product/list
time="23-04-2021 13:54:01" level=info msg="HTTP Request Method" method=POST request= url=/api/v1/apievermos/evermos/product/list
time="23-04-2021 13:54:16" level=info msg="HTTP Request Method" method=POST request= url=/api/v1/apievermos/evermos/product/list
time="23-04-2021 13:54:43" level=info msg="Server apievermos is shutting down..."
time="23-04-2021 13:54:43" level=info msg="Server apievermos stopped"
time="23-04-2021 13:54:50" level=info msg="Server apievermos is ready to handle requests at st :2021"
time="23-04-2021 13:54:52" level=info msg="HTTP Request Method" method=POST request= url=/api/v1/apievermos/evermos/product/list
time="23-04-2021 13:54:54" level=info msg="HTTP Request Method" method=POST request= url=/api/v1/apievermos/evermos/product/list
time="23-04-2021 13:54:59" level=info msg="HTTP Request Method" method=POST request= url=/api/v1/apievermos/evermos/product/list
time="23-04-2021 13:55:02" level=info msg="HTTP Request Method" method=POST request= url=/api/v1/apievermos/evermos/product/list
time="23-04-2021 13:55:44" level=info msg="Server apievermos is shutting down..."
time="23-04-2021 13:55:44" level=info msg="Server apievermos stopped"
time="23-04-2021 13:55:50" level=info msg="Server apievermos is ready to handle requests at st :2021"
time="23-04-2021 13:55:53" level=info msg="HTTP Request Method" method=POST request= url=/api/v1/apievermos/evermos/product/list
time="23-04-2021 13:55:54" level=info msg="HTTP Request Method" method=POST request= url=/api/v1/apievermos/evermos/product/list
time="23-04-2021 13:55:58" level=info msg="HTTP Request Method" method=POST request= url=/api/v1/apievermos/evermos/product/list
time="23-04-2021 13:57:11" level=info msg="Server apievermos is shutting down..."
time="23-04-2021 13:57:11" level=info msg="Server apievermos stopped"
time="23-04-2021 13:57:19" level=info msg="Server apievermos is ready to handle requests at st :2021"
time="23-04-2021 13:57:22" level=info msg="HTTP Request Method" method=POST request= url=/api/v1/apievermos/evermos/product/list
time="23-04-2021 13:57:23" level=info msg="HTTP Request Method" method=POST request= url=/api/v1/apievermos/evermos/product/list
time="23-04-2021 13:57:26" level=info msg="HTTP Request Method" method=POST request= url=/api/v1/apievermos/evermos/product/list
time="23-04-2021 13:57:29" level=info msg="HTTP Request Method" method=POST request= url=/api/v1/apievermos/evermos/product/list
time="23-04-2021 13:58:19" level=info msg="Server apievermos is shutting down..."
time="23-04-2021 13:58:19" level=info msg="Server apievermos stopped"
time="23-04-2021 13:58:26" level=info msg="Server apievermos is ready to handle requests at st :2021"
time="23-04-2021 13:58:29" level=info msg="HTTP Request Method" method=POST request= url=/api/v1/apievermos/evermos/product/list
time="23-04-2021 13:58:30" level=info msg="HTTP Request Method" method=POST request= url=/api/v1/apievermos/evermos/product/list
time="23-04-2021 13:58:31" level=info msg="HTTP Request Method" method=POST request= url=/api/v1/apievermos/evermos/product/list
time="23-04-2021 13:58:33" level=info msg="HTTP Request Method" method=POST request= url=/api/v1/apievermos/evermos/product/list
time="23-04-2021 13:58:38" level=info msg="HTTP Request Method" method=POST request= url=/api/v1/apievermos/evermos/product/list
time="23-04-2021 13:59:06" level=info msg="HTTP Request Method" method=POST request= url=/api/v1/apievermos/evermos/product/list
time="23-04-2021 13:59:17" level=info msg="HTTP Request Method" method=POST request= url=/api/v1/apievermos/evermos/product/list
time="23-04-2021 14:01:04" level=info msg="Server apievermos is shutting down..."
time="23-04-2021 14:01:04" level=info msg="Server apievermos stopped"
time="23-04-2021 14:01:09" level=info msg="Server apievermos is ready to handle requests at st :2021"
time="23-04-2021 14:01:11" level=info msg="HTTP Request Method" method=POST request= url=/api/v1/apievermos/evermos/product/list
time="23-04-2021 14:01:17" level=info msg="HTTP Request Method" method=POST request= url=/api/v1/apievermos/evermos/product/list
time="23-04-2021 14:01:18" level=info msg="HTTP Request Method" method=POST request= url=/api/v1/apievermos/evermos/product/list
time="23-04-2021 14:01:19" level=info msg="HTTP Request Method" method=POST request= url=/api/v1/apievermos/evermos/product/list
time="23-04-2021 14:01:20" level=info msg="HTTP Request Method" method=POST request= url=/api/v1/apievermos/evermos/product/list
time="23-04-2021 14:01:23" level=info msg="HTTP Request Method" method=POST request= url=/api/v1/apievermos/evermos/product/list
time="23-04-2021 14:01:24" level=info msg="HTTP Request Method" method=POST request= url=/api/v1/apievermos/evermos/product/list
time="23-04-2021 14:01:26" level=info msg="HTTP Request Method" method=POST request= url=/api/v1/apievermos/evermos/product/list
time="23-04-2021 14:01:27" level=info msg="HTTP Request Method" method=POST request= url=/api/v1/apievermos/evermos/product/list
time="23-04-2021 14:02:14" level=info msg="Server apievermos is shutting down..."
time="23-04-2021 14:02:14" level=info msg="Server apievermos stopped"
time="23-04-2021 14:02:19" level=info msg="Server apievermos is ready to handle requests at st :2021"
time="23-04-2021 14:02:29" level=info msg="HTTP Request Method" method=POST request= url=/api/v1/apievermos/evermos/product/list
time="23-04-2021 14:02:42" level=info msg="HTTP Request Method" method=POST request= url=/api/v1/apievermos/evermos/product/list
time="23-04-2021 14:02:49" level=info msg="HTTP Request Method" method=POST request= url=/api/v1/apievermos/evermos/product/list
time="23-04-2021 14:02:53" level=info msg="HTTP Request Method" method=POST request= url=/api/v1/apievermos/evermos/product/list
time="23-04-2021 14:03:01" level=info msg="HTTP Request Method" method=POST request= url=/api/v1/apievermos/evermos/product/list
time="23-04-2021 14:03:59" level=info msg="Server apievermos is shutting down..."
time="23-04-2021 14:03:59" level=info msg="Server apievermos stopped"
time="23-04-2021 14:04:05" level=info msg="Server apievermos is ready to handle requests at st :2021"
time="23-04-2021 14:04:08" level=info msg="HTTP Request Method" method=POST request= url=/api/v1/apievermos/evermos/product/list
time="23-04-2021 14:04:39" level=info msg="Server apievermos is shutting down..."
time="23-04-2021 14:04:39" level=info msg="Server apievermos stopped"
time="23-04-2021 14:05:02" level=info msg="Server apievermos is ready to handle requests at st :2021"
time="23-04-2021 14:05:07" level=info msg="HTTP Request Method" method=POST request= url=/api/v1/apievermos/evermos/product/list
time="23-04-2021 14:06:26" level=info msg="Server apievermos is shutting down..."
time="23-04-2021 14:06:26" level=info msg="Server apievermos stopped"
time="23-04-2021 14:06:39" level=info msg="Server apievermos is ready to handle requests at st :2021"
time="23-04-2021 14:06:42" level=info msg="HTTP Request Method" method=POST request= url=/api/v1/apievermos/evermos/product/list
time="23-04-2021 14:06:43" level=info msg="HTTP Request Method" method=POST request= url=/api/v1/apievermos/evermos/product/list
time="23-04-2021 14:08:39" level=info msg="HTTP Request Method" method=POST request= url=/api/v1/apievermos/evermos/product/list
time="23-04-2021 14:10:01" level=info msg="Server apievermos is shutting down..."
time="23-04-2021 14:10:01" level=info msg="Server apievermos stopped"
time="23-04-2021 14:10:11" level=info msg="Server apievermos is ready to handle requests at st :2021"
time="23-04-2021 14:10:14" level=info msg="HTTP Request Method" method=POST request= url=/api/v1/apievermos/evermos/product/list
time="23-04-2021 14:10:17" level=info msg="HTTP Request Method" method=POST request= url=/api/v1/apievermos/evermos/product/list
time="23-04-2021 14:10:24" level=info msg="Server apievermos is shutting down..."
time="23-04-2021 14:10:24" level=info msg="Server apievermos stopped"
time="23-04-2021 14:10:31" level=info msg="Server apievermos is ready to handle requests at st :2021"
time="23-04-2021 14:10:33" level=info msg="HTTP Request Method" method=POST request= url=/api/v1/apievermos/evermos/product/list
time="23-04-2021 14:10:56" level=info msg="Server apievermos is shutting down..."
time="23-04-2021 14:10:56" level=info msg="Server apievermos stopped"
time="23-04-2021 14:11:02" level=info msg="Server apievermos is ready to handle requests at st :2021"
time="23-04-2021 14:11:04" level=info msg="HTTP Request Method" method=POST request= url=/api/v1/apievermos/evermos/product/list
time="23-04-2021 14:11:05" level=info msg="HTTP Request Method" method=POST request= url=/api/v1/apievermos/evermos/product/list
time="23-04-2021 14:11:22" level=info msg="HTTP Request Method" method=POST request= url=/api/v1/apievermos/evermos/product/list
time="23-04-2021 14:11:23" level=info msg="HTTP Request Method" method=POST request= url=/api/v1/apievermos/evermos/product/list
time="23-04-2021 14:11:26" level=info msg="HTTP Request Method" method=POST request= url=/api/v1/apievermos/evermos/product/list
time="23-04-2021 14:12:02" level=info msg="HTTP Request Method" method=POST request= url=/api/v1/apievermos/evermos/product/list
time="23-04-2021 14:13:03" level=info msg="Server apievermos is shutting down..."
time="23-04-2021 14:13:03" level=info msg="Server apievermos stopped"
time="23-04-2021 14:13:09" level=info msg="Server apievermos is ready to handle requests at st :2021"
time="23-04-2021 14:13:11" level=info msg="HTTP Request Method" method=POST request= url=/api/v1/apievermos/evermos/product/list
time="23-04-2021 14:13:19" level=info msg="HTTP Request Method" method=POST request= url=/api/v1/apievermos/evermos/product/list
time="23-04-2021 14:14:14" level=info msg="HTTP Request Method" method=POST request= url=/api/v1/apievermos/evermos/product/list
time="23-04-2021 14:14:17" level=info msg="HTTP Request Method" method=POST request= url=/api/v1/apievermos/evermos/product/list
time="23-04-2021 14:14:22" level=info msg="HTTP Request Method" method=POST request= url=/api/v1/apievermos/evermos/product/list
time="23-04-2021 14:14:25" level=info msg="HTTP Request Method" method=POST request= url=/api/v1/apievermos/evermos/product/list
time="23-04-2021 14:14:29" level=info msg="HTTP Request Method" method=POST request= url=/api/v1/apievermos/evermos/product/list
time="23-04-2021 14:14:51" level=info msg="HTTP Request Method" method=POST request= url=/api/v1/apievermos/evermos/product/list
time="23-04-2021 14:15:01" level=info msg="HTTP Request Method" method=POST request= url=/api/v1/apievermos/evermos/product/list
time="23-04-2021 14:15:05" level=info msg="HTTP Request Method" method=POST request= url=/api/v1/apievermos/evermos/product/list
time="23-04-2021 14:16:17" level=info msg="Server apievermos is shutting down..."
time="23-04-2021 14:16:17" level=info msg="Server apievermos stopped"
time="23-04-2021 14:16:34" level=info msg="Server apievermos is ready to handle requests at st :2021"
time="23-04-2021 14:16:37" level=info msg="HTTP Request Method" method=POST request= url=/api/v1/apievermos/evermos/product/list
time="23-04-2021 14:20:53" level=info msg="Server apievermos is shutting down..."
time="23-04-2021 14:20:53" level=info msg="Server apievermos stopped"
time="23-04-2021 14:25:05" level=info msg="Server apievermos is ready to handle requests at st :2021"
time="23-04-2021 14:25:10" level=info msg="HTTP Request Method" method=POST request= url=/api/v1/apievermos/evermos/product/list
time="23-04-2021 14:25:12" level=info msg="HTTP Request Method" method=POST request= url=/api/v1/apievermos/evermos/product/list
time="23-04-2021 14:25:17" level=info msg="HTTP Request Method" method=POST request= url=/api/v1/apievermos/evermos/product/list
time="23-04-2021 14:25:30" level=info msg="HTTP Request Method" method=POST request= url=/api/v1/apievermos/evermos/product/list
time="23-04-2021 14:25:43" level=info msg="Server apievermos is shutting down..."
time="23-04-2021 14:25:43" level=info msg="Server apievermos stopped"
time="23-04-2021 14:30:18" level=info msg="Server apievermos is ready to handle requests at st :2021"
time="23-04-2021 14:30:21" level=info msg="HTTP Request Method" method=POST request= url=/api/v1/apievermos/evermos/merchant/list
