time="22-04-2021 10:42:55" level=info msg="Server apievermos is ready to handle requests at st :2021"
time="22-04-2021 10:43:02" level=info msg="HTTP Request Method" method=POST request= url=/api/v1/apievermos/evermos/product/list
time="22-04-2021 10:44:11" level=info msg="Server apievermos is shutting down..."
time="22-04-2021 10:44:11" level=info msg="Server apievermos stopped"
time="22-04-2021 10:59:17" level=info msg="Server apievermos is ready to handle requests at st :2021"
time="22-04-2021 10:59:23" level=info msg="HTTP Request Method" method=POST request= url=/api/v1/apievermos/evermos/product/list
time="22-04-2021 11:01:17" level=info msg="Server apievermos is shutting down..."
time="22-04-2021 11:01:17" level=info msg="Server apievermos stopped"
time="22-04-2021 11:01:28" level=info msg="Server apievermos is ready to handle requests at st :2021"
time="22-04-2021 11:01:31" level=info msg="HTTP Request Method" method=POST request= url=/api/v1/apievermos/evermos/product/list
time="22-04-2021 11:04:05" level=info msg="Server apievermos is shutting down..."
time="22-04-2021 11:04:05" level=info msg="Server apievermos stopped"
time="22-04-2021 11:04:13" level=info msg="Server apievermos is ready to handle requests at st :2021"
time="22-04-2021 11:04:15" level=info msg="HTTP Request Method" method=POST request= url=/api/v1/apievermos/evermos/product/list
time="22-04-2021 11:04:57" level=info msg="Server apievermos is shutting down..."
time="22-04-2021 11:04:57" level=info msg="Server apievermos stopped"
time="22-04-2021 11:05:03" level=info msg="Server apievermos is ready to handle requests at st :2021"
time="22-04-2021 11:05:06" level=info msg="HTTP Request Method" method=POST request= url=/api/v1/apievermos/evermos/product/list
time="22-04-2021 11:08:47" level=info msg="Server apievermos is shutting down..."
time="22-04-2021 11:08:47" level=info msg="Server apievermos stopped"
time="22-04-2021 11:08:53" level=info msg="Server apievermos is ready to handle requests at st :2021"
time="22-04-2021 11:08:56" level=info msg="HTTP Request Method" method=POST request= url=/api/v1/apievermos/evermos/product/list
time="22-04-2021 11:10:24" level=info msg="Server apievermos is shutting down..."
time="22-04-2021 11:10:24" level=info msg="Server apievermos stopped"
time="22-04-2021 11:10:30" level=info msg="Server apievermos is ready to handle requests at st :2021"
time="22-04-2021 11:10:32" level=info msg="HTTP Request Method" method=POST request= url=/api/v1/apievermos/evermos/product/list
time="22-04-2021 11:10:51" level=info msg="Server apievermos is shutting down..."
time="22-04-2021 11:10:51" level=info msg="Server apievermos stopped"
time="22-04-2021 11:10:56" level=info msg="Server apievermos is ready to handle requests at st :2021"
time="22-04-2021 11:10:59" level=info msg="HTTP Request Method" method=POST request= url=/api/v1/apievermos/evermos/product/list
time="22-04-2021 11:14:21" level=info msg="Server apievermos is shutting down..."
time="22-04-2021 11:14:21" level=info msg="Server apievermos stopped"
time="22-04-2021 11:14:29" level=info msg="Server apievermos is ready to handle requests at st :2021"
time="22-04-2021 11:14:32" level=info msg="HTTP Request Method" method=POST request= url=/api/v1/apievermos/evermos/product/list
time="22-04-2021 11:16:28" level=info msg="Server apievermos is shutting down..."
time="22-04-2021 11:16:28" level=info msg="Server apievermos stopped"
time="22-04-2021 11:16:39" level=info msg="Server apievermos is ready to handle requests at st :2021"
time="22-04-2021 11:16:59" level=info msg="HTTP Request Method" method=POST request= url=/api/v1/apievermos/evermos/product/insert
time="22-04-2021 11:17:28" level=info msg="HTTP Request Method" method=POST request= url=/api/v1/apievermos/evermos/product/list
time="22-04-2021 11:17:58" level=info msg="HTTP Request Method" method=POST request= url=/api/v1/apievermos/evermos/product/list
time="22-04-2021 11:19:10" level=info msg="Server apievermos is shutting down..."
time="22-04-2021 11:19:10" level=info msg="Server apievermos stopped"
time="22-04-2021 11:19:17" level=info msg="Server apievermos is ready to handle requests at st :2021"
time="22-04-2021 11:19:39" level=info msg="HTTP Request Method" method=POST request= url=/api/v1/apievermos/evermos/product/list
time="22-04-2021 11:28:59" level=info msg="Server apievermos is shutting down..."
time="22-04-2021 11:28:59" level=info msg="Server apievermos stopped"
time="22-04-2021 11:29:11" level=info msg="Server apievermos is ready to handle requests at st :2021"
time="22-04-2021 11:29:15" level=info msg="HTTP Request Method" method=POST request= url=/api/v1/apievermos/evermos/product/list
time="22-04-2021 11:29:18" level=info msg="Server apievermos is shutting down..."
time="22-04-2021 11:29:18" level=info msg="Server apievermos stopped"
time="22-04-2021 11:29:57" level=info msg="Server apievermos is ready to handle requests at st :2021"
time="22-04-2021 11:29:59" level=info msg="HTTP Request Method" method=POST request= url=/api/v1/apievermos/evermos/product/list
time="22-04-2021 11:30:39" level=info msg="Server apievermos is shutting down..."
time="22-04-2021 11:30:39" level=info msg="Server apievermos stopped"
time="22-04-2021 11:31:57" level=info msg="Server apievermos is ready to handle requests at st :2021"
time="22-04-2021 11:32:04" level=info msg="HTTP Request Method" method=POST request= url=/api/v1/apievermos/evermos/product/list
time="22-04-2021 11:36:41" level=info msg="Server apievermos is shutting down..."
time="22-04-2021 11:36:41" level=info msg="Server apievermos stopped"
time="22-04-2021 11:36:47" level=info msg="Server apievermos is ready to handle requests at st :2021"
time="22-04-2021 11:36:51" level=info msg="HTTP Request Method" method=POST request= url=/api/v1/apievermos/evermos/product/list
time="22-04-2021 12:19:39" level=info msg="Server apievermos is shutting down..."
time="22-04-2021 12:19:39" level=info msg="Server apievermos stopped"
time="22-04-2021 12:19:48" level=info msg="Server apievermos is ready to handle requests at st :2021"
time="22-04-2021 12:19:56" level=info msg="HTTP Request Method" method=POST request= url=/api/v1/apievermos/evermos/product/list
time="22-04-2021 12:20:38" level=info msg="Server apievermos is shutting down..."
time="22-04-2021 12:20:38" level=info msg="Server apievermos stopped"
time="22-04-2021 12:20:45" level=info msg="Server apievermos is ready to handle requests at st :2021"
time="22-04-2021 12:20:48" level=info msg="HTTP Request Method" method=POST request= url=/api/v1/apievermos/evermos/product/list
time="22-04-2021 12:31:10" level=info msg="Server apievermos is shutting down..."
time="22-04-2021 12:31:10" level=info msg="Server apievermos stopped"
time="22-04-2021 12:31:20" level=info msg="Server apievermos is ready to handle requests at st :2021"
time="22-04-2021 12:31:24" level=info msg="HTTP Request Method" method=POST request= url=/api/v1/apievermos/evermos/product/list
time="22-04-2021 12:37:43" level=info msg="Server apievermos is shutting down..."
time="22-04-2021 12:37:43" level=info msg="Server apievermos stopped"
time="22-04-2021 12:37:52" level=info msg="Server apievermos is ready to handle requests at st :2021"
time="22-04-2021 12:37:56" level=info msg="HTTP Request Method" method=POST request= url=/api/v1/apievermos/evermos/product/list
time="22-04-2021 12:39:16" level=info msg="Server apievermos is shutting down..."
time="22-04-2021 12:39:16" level=info msg="Server apievermos stopped"
time="22-04-2021 12:39:24" level=info msg="Server apievermos is ready to handle requests at st :2021"
time="22-04-2021 12:39:28" level=info msg="HTTP Request Method" method=POST request= url=/api/v1/apievermos/evermos/product/list
time="22-04-2021 12:46:20" level=info msg="Server apievermos is shutting down..."
time="22-04-2021 12:46:20" level=info msg="Server apievermos stopped"
time="22-04-2021 12:46:25" level=info msg="Server apievermos is ready to handle requests at st :2021"
time="22-04-2021 12:46:27" level=info msg="HTTP Request Method" method=POST request= url=/api/v1/apievermos/evermos/product/list
time="22-04-2021 12:52:53" level=info msg="Server apievermos is shutting down..."
time="22-04-2021 12:52:53" level=info msg="Server apievermos stopped"
time="22-04-2021 12:53:01" level=info msg="Server apievermos is ready to handle requests at st :2021"
time="22-04-2021 12:53:03" level=info msg="HTTP Request Method" method=POST request= url=/api/v1/apievermos/evermos/product/list
time="22-04-2021 12:57:11" level=info msg="Server apievermos is shutting down..."
time="22-04-2021 12:57:11" level=info msg="Server apievermos stopped"
time="22-04-2021 12:57:18" level=info msg="Server apievermos is ready to handle requests at st :2021"
time="22-04-2021 12:57:20" level=info msg="HTTP Request Method" method=POST request= url=/api/v1/apievermos/evermos/product/list
time="22-04-2021 13:10:21" level=info msg="Server apievermos is shutting down..."
time="22-04-2021 13:10:21" level=info msg="Server apievermos stopped"
time="22-04-2021 13:10:30" level=info msg="Server apievermos is ready to handle requests at st :2021"
time="22-04-2021 13:10:34" level=info msg="HTTP Request Method" method=POST request= url=/api/v1/apievermos/evermos/product/list
time="22-04-2021 13:14:16" level=info msg="Server apievermos is shutting down..."
time="22-04-2021 13:14:16" level=info msg="Server apievermos stopped"
time="22-04-2021 13:14:26" level=info msg="Server apievermos is ready to handle requests at st :2021"
time="22-04-2021 13:14:29" level=info msg="HTTP Request Method" method=POST request= url=/api/v1/apievermos/evermos/product/list
time="22-04-2021 13:15:59" level=info msg="Server apievermos is shutting down..."
time="22-04-2021 13:15:59" level=info msg="Server apievermos stopped"
time="22-04-2021 13:16:05" level=info msg="Server apievermos is ready to handle requests at st :2021"
time="22-04-2021 13:16:10" level=info msg="HTTP Request Method" method=POST request= url=/api/v1/apievermos/evermos/product/list
time="22-04-2021 13:18:09" level=info msg="Server apievermos is shutting down..."
time="22-04-2021 13:18:09" level=info msg="Server apievermos stopped"
time="22-04-2021 13:18:15" level=info msg="Server apievermos is ready to handle requests at st :2021"
time="22-04-2021 13:18:19" level=info msg="HTTP Request Method" method=POST request= url=/api/v1/apievermos/evermos/product/list
time="22-04-2021 13:20:58" level=info msg="Server apievermos is shutting down..."
time="22-04-2021 13:20:58" level=info msg="Server apievermos stopped"
time="22-04-2021 13:21:05" level=info msg="Server apievermos is ready to handle requests at st :2021"
time="22-04-2021 13:21:08" level=info msg="HTTP Request Method" method=POST request= url=/api/v1/apievermos/evermos/product/list
time="22-04-2021 13:26:44" level=info msg="Server apievermos is shutting down..."
time="22-04-2021 13:26:44" level=info msg="Server apievermos stopped"
time="22-04-2021 13:26:53" level=info msg="Server apievermos is ready to handle requests at st :2021"
time="22-04-2021 13:26:56" level=info msg="HTTP Request Method" method=POST request= url=/api/v1/apievermos/evermos/product/list
time="22-04-2021 13:27:13" level=info msg="Server apievermos is shutting down..."
time="22-04-2021 13:27:13" level=info msg="Server apievermos stopped"
time="22-04-2021 13:27:19" level=info msg="Server apievermos is ready to handle requests at st :2021"
time="22-04-2021 13:27:23" level=info msg="HTTP Request Method" method=POST request= url=/api/v1/apievermos/evermos/product/list
time="22-04-2021 13:30:50" level=info msg="Server apievermos is shutting down..."
time="22-04-2021 13:30:50" level=info msg="Server apievermos stopped"
time="22-04-2021 13:30:58" level=info msg="Server apievermos is ready to handle requests at st :2021"
time="22-04-2021 13:31:01" level=info msg="HTTP Request Method" method=POST request= url=/api/v1/apievermos/evermos/product/list
time="22-04-2021 13:56:54" level=info msg="Server apievermos is shutting down..."
time="22-04-2021 13:56:54" level=info msg="Server apievermos stopped"
time="22-04-2021 13:57:08" level=info msg="Server apievermos is ready to handle requests at st :2021"
time="22-04-2021 13:57:11" level=info msg="HTTP Request Method" method=POST request= url=/api/v1/apievermos/evermos/product/list
time="22-04-2021 13:57:30" level=info msg="Server apievermos is shutting down..."
time="22-04-2021 13:57:30" level=info msg="Server apievermos stopped"
time="22-04-2021 13:57:37" level=info msg="Server apievermos is ready to handle requests at st :2021"
time="22-04-2021 13:57:40" level=info msg="HTTP Request Method" method=POST request= url=/api/v1/apievermos/evermos/product/list
time="22-04-2021 14:38:16" level=info msg="Server apievermos is shutting down..."
time="22-04-2021 14:38:16" level=info msg="Server apievermos stopped"
time="22-04-2021 14:38:26" level=info msg="Server apievermos is ready to handle requests at st :2021"
time="22-04-2021 14:38:30" level=info msg="HTTP Request Method" method=POST request= url=/api/v1/apievermos/evermos/product/list
time="22-04-2021 14:39:02" level=info msg="Server apievermos is shutting down..."
time="22-04-2021 14:39:02" level=info msg="Server apievermos stopped"
time="22-04-2021 14:39:09" level=info msg="Server apievermos is ready to handle requests at st :2021"
time="22-04-2021 14:39:11" level=info msg="HTTP Request Method" method=POST request= url=/api/v1/apievermos/evermos/product/list
time="22-04-2021 14:52:45" level=info msg="Server apievermos is shutting down..."
time="22-04-2021 14:52:45" level=info msg="Server apievermos stopped"
time="22-04-2021 14:52:57" level=info msg="Server apievermos is ready to handle requests at st :2021"
time="22-04-2021 14:53:02" level=info msg="HTTP Request Method" method=POST request= url=/api/v1/apievermos/evermos/product/list
time="22-04-2021 14:56:41" level=info msg="Server apievermos is shutting down..."
time="22-04-2021 14:56:41" level=info msg="Server apievermos stopped"
time="22-04-2021 14:57:06" level=info msg="Server apievermos is ready to handle requests at st :2021"
time="22-04-2021 14:57:12" level=info msg="HTTP Request Method" method=POST request= url=/api/v1/apievermos/evermos/product/list
time="22-04-2021 14:57:25" level=info msg="Server apievermos is shutting down..."
time="22-04-2021 14:57:25" level=info msg="Server apievermos stopped"
time="22-04-2021 14:57:32" level=info msg="Server apievermos is ready to handle requests at st :2021"
time="22-04-2021 14:57:35" level=info msg="HTTP Request Method" method=POST request= url=/api/v1/apievermos/evermos/product/list
time="22-04-2021 14:58:18" level=info msg="Server apievermos is shutting down..."
time="22-04-2021 14:58:18" level=info msg="Server apievermos stopped"
time="22-04-2021 14:58:24" level=info msg="Server apievermos is ready to handle requests at st :2021"
time="22-04-2021 14:58:27" level=info msg="HTTP Request Method" method=POST request= url=/api/v1/apievermos/evermos/product/list
time="22-04-2021 15:01:33" level=info msg="Server apievermos is shutting down..."
time="22-04-2021 15:01:33" level=info msg="Server apievermos stopped"
time="22-04-2021 15:01:39" level=info msg="Server apievermos is ready to handle requests at st :2021"
time="22-04-2021 15:01:42" level=info msg="HTTP Request Method" method=POST request= url=/api/v1/apievermos/evermos/product/list
time="22-04-2021 15:03:53" level=info msg="HTTP Request Method" method=POST request= url=/api/v1/apievermos/evermos/product/list
time="22-04-2021 15:04:56" level=info msg="HTTP Request Method" method=POST request= url=/api/v1/apievermos/evermos/product/list
time="22-04-2021 15:05:11" level=info msg="Server apievermos is shutting down..."
time="22-04-2021 15:05:11" level=info msg="Server apievermos stopped"
time="22-04-2021 15:05:21" level=info msg="Server apievermos is ready to handle requests at st :2021"
time="22-04-2021 15:05:23" level=info msg="HTTP Request Method" method=POST request= url=/api/v1/apievermos/evermos/product/list
time="22-04-2021 15:05:28" level=info msg="HTTP Request Method" method=POST request= url=/api/v1/apievermos/evermos/product/list
time="22-04-2021 15:05:29" level=info msg="HTTP Request Method" method=POST request= url=/api/v1/apievermos/evermos/product/list
time="22-04-2021 15:05:30" level=info msg="HTTP Request Method" method=POST request= url=/api/v1/apievermos/evermos/product/list
time="22-04-2021 15:06:17" level=info msg="Server apievermos is shutting down..."
time="22-04-2021 15:06:17" level=info msg="Server apievermos stopped"
time="22-04-2021 15:06:24" level=info msg="Server apievermos is ready to handle requests at st :2021"
time="22-04-2021 15:06:28" level=info msg="HTTP Request Method" method=POST request= url=/api/v1/apievermos/evermos/product/list
time="22-04-2021 15:07:24" level=info msg="Server apievermos is shutting down..."
time="22-04-2021 15:07:24" level=info msg="Server apievermos stopped"
time="22-04-2021 15:07:29" level=info msg="Server apievermos is ready to handle requests at st :2021"
time="22-04-2021 15:07:32" level=info msg="HTTP Request Method" method=POST request= url=/api/v1/apievermos/evermos/product/list
time="22-04-2021 15:26:02" level=info msg="Server apievermos is shutting down..."
time="22-04-2021 15:26:02" level=info msg="Server apievermos stopped"
time="22-04-2021 15:26:12" level=info msg="Server apievermos is ready to handle requests at st :2021"
time="22-04-2021 15:26:14" level=info msg="HTTP Request Method" method=POST request= url=/api/v1/apievermos/evermos/product/list
time="22-04-2021 15:28:28" level=info msg="Server apievermos is shutting down..."
time="22-04-2021 15:28:28" level=info msg="Server apievermos stopped"
time="22-04-2021 15:28:36" level=info msg="Server apievermos is ready to handle requests at st :2021"
time="22-04-2021 15:28:38" level=info msg="HTTP Request Method" method=POST request= url=/api/v1/apievermos/evermos/product/list
time="22-04-2021 15:43:32" level=info msg="Server apievermos is shutting down..."
time="22-04-2021 15:43:32" level=info msg="Server apievermos stopped"
